2021-10-28 18:56:33 [main] INFO  by.epam.task2.repository.Repository - 
Sorted with comparator ConeIdComparator : [
Cone{coneId=1, centerPoint=Point{x=1.0, y=2.0, z=0.0}, apexPoint=Point{x=1.0, y=2.0, z=6.0}, radius=3.5}, 
Cone{coneId=2, centerPoint=Point{x=1.0, y=2.0, z=0.0}, apexPoint=Point{x=1.0, y=2.0, z=16.0}, radius=30.5}, 
Cone{coneId=3, centerPoint=Point{x=0.0, y=0.0, z=1.0}, apexPoint=Point{x=0.0, y=0.0, z=7.0}, radius=12.3}, 
Cone{coneId=4, centerPoint=Point{x=11.0, y=12.0, z=-5.0}, apexPoint=Point{x=11.0, y=12.0, z=6.0}, radius=4.0}, 
Cone{coneId=5, centerPoint=Point{x=-4.0, y=-4.0, z=1.0}, apexPoint=Point{x=-4.0, y=-4.0, z=20.0}, radius=12.0}, 
Cone{coneId=6, centerPoint=Point{x=10.0, y=20.0, z=1.0}, apexPoint=Point{x=10.0, y=20.0, z=25.0}, radius=12.0}, 
Cone{coneId=7, centerPoint=Point{x=3.1, y=3.1, z=-15.0}, apexPoint=Point{x=3.1, y=3.1, z=7.0}, radius=20.0}, 
Cone{coneId=8, centerPoint=Point{x=2.0, y=2.0, z=0.5}, apexPoint=Point{x=2.0, y=2.0, z=10.0}, radius=8.0}, 
Cone{coneId=9, centerPoint=Point{x=12.0, y=2.0, z=-3.0}, apexPoint=Point{x=12.0, y=2.0, z=28.0}, radius=4.5}, 
Cone{coneId=10, centerPoint=Point{x=10.0, y=21.0, z=0.0}, apexPoint=Point{x=10.0, y=21.0, z=12.0}, radius=14.2}, 
Cone{coneId=11, centerPoint=Point{x=15.0, y=2.0, z=-10.0}, apexPoint=Point{x=15.0, y=2.0, z=20.1}, radius=12.0}, 
Cone{coneId=12, centerPoint=Point{x=0.2, y=2.0, z=-1.0}, apexPoint=Point{x=0.2, y=2.0, z=10.0}, radius=40.0}]
2021-10-28 18:56:33 [main] INFO  by.epam.task2.repository.Repository - 
Sorted with comparator RadiusComparator : [
Cone{coneId=1, centerPoint=Point{x=1.0, y=2.0, z=0.0}, apexPoint=Point{x=1.0, y=2.0, z=6.0}, radius=3.5}, 
Cone{coneId=4, centerPoint=Point{x=11.0, y=12.0, z=-5.0}, apexPoint=Point{x=11.0, y=12.0, z=6.0}, radius=4.0}, 
Cone{coneId=9, centerPoint=Point{x=12.0, y=2.0, z=-3.0}, apexPoint=Point{x=12.0, y=2.0, z=28.0}, radius=4.5}, 
Cone{coneId=8, centerPoint=Point{x=2.0, y=2.0, z=0.5}, apexPoint=Point{x=2.0, y=2.0, z=10.0}, radius=8.0}, 
Cone{coneId=5, centerPoint=Point{x=-4.0, y=-4.0, z=1.0}, apexPoint=Point{x=-4.0, y=-4.0, z=20.0}, radius=12.0}, 
Cone{coneId=6, centerPoint=Point{x=10.0, y=20.0, z=1.0}, apexPoint=Point{x=10.0, y=20.0, z=25.0}, radius=12.0}, 
Cone{coneId=11, centerPoint=Point{x=15.0, y=2.0, z=-10.0}, apexPoint=Point{x=15.0, y=2.0, z=20.1}, radius=12.0}, 
Cone{coneId=3, centerPoint=Point{x=0.0, y=0.0, z=1.0}, apexPoint=Point{x=0.0, y=0.0, z=7.0}, radius=12.3}, 
Cone{coneId=10, centerPoint=Point{x=10.0, y=21.0, z=0.0}, apexPoint=Point{x=10.0, y=21.0, z=12.0}, radius=14.2}, 
Cone{coneId=7, centerPoint=Point{x=3.1, y=3.1, z=-15.0}, apexPoint=Point{x=3.1, y=3.1, z=7.0}, radius=20.0}, 
Cone{coneId=2, centerPoint=Point{x=1.0, y=2.0, z=0.0}, apexPoint=Point{x=1.0, y=2.0, z=16.0}, radius=30.5}, 
Cone{coneId=12, centerPoint=Point{x=0.2, y=2.0, z=-1.0}, apexPoint=Point{x=0.2, y=2.0, z=10.0}, radius=40.0}]
2021-10-28 18:56:33 [main] INFO  by.epam.task2.repository.Repository - 
Sorted with comparator HeightComparator : [
Cone{coneId=1, centerPoint=Point{x=1.0, y=2.0, z=0.0}, apexPoint=Point{x=1.0, y=2.0, z=6.0}, radius=3.5}, 
Cone{coneId=3, centerPoint=Point{x=0.0, y=0.0, z=1.0}, apexPoint=Point{x=0.0, y=0.0, z=7.0}, radius=12.3}, 
Cone{coneId=8, centerPoint=Point{x=2.0, y=2.0, z=0.5}, apexPoint=Point{x=2.0, y=2.0, z=10.0}, radius=8.0}, 
Cone{coneId=4, centerPoint=Point{x=11.0, y=12.0, z=-5.0}, apexPoint=Point{x=11.0, y=12.0, z=6.0}, radius=4.0}, 
Cone{coneId=12, centerPoint=Point{x=0.2, y=2.0, z=-1.0}, apexPoint=Point{x=0.2, y=2.0, z=10.0}, radius=40.0}, 
Cone{coneId=10, centerPoint=Point{x=10.0, y=21.0, z=0.0}, apexPoint=Point{x=10.0, y=21.0, z=12.0}, radius=14.2}, 
Cone{coneId=2, centerPoint=Point{x=1.0, y=2.0, z=0.0}, apexPoint=Point{x=1.0, y=2.0, z=16.0}, radius=30.5}, 
Cone{coneId=5, centerPoint=Point{x=-4.0, y=-4.0, z=1.0}, apexPoint=Point{x=-4.0, y=-4.0, z=20.0}, radius=12.0}, 
Cone{coneId=7, centerPoint=Point{x=3.1, y=3.1, z=-15.0}, apexPoint=Point{x=3.1, y=3.1, z=7.0}, radius=20.0}, 
Cone{coneId=6, centerPoint=Point{x=10.0, y=20.0, z=1.0}, apexPoint=Point{x=10.0, y=20.0, z=25.0}, radius=12.0}, 
Cone{coneId=11, centerPoint=Point{x=15.0, y=2.0, z=-10.0}, apexPoint=Point{x=15.0, y=2.0, z=20.1}, radius=12.0}, 
Cone{coneId=9, centerPoint=Point{x=12.0, y=2.0, z=-3.0}, apexPoint=Point{x=12.0, y=2.0, z=28.0}, radius=4.5}]
2021-10-28 18:56:33 [main] INFO  by.epam.task2.repository.Repository - 
Sorted with comparator VolumeComparator : [
Cone{coneId=1, centerPoint=Point{x=1.0, y=2.0, z=0.0}, apexPoint=Point{x=1.0, y=2.0, z=6.0}, radius=3.5}, 
Cone{coneId=4, centerPoint=Point{x=11.0, y=12.0, z=-5.0}, apexPoint=Point{x=11.0, y=12.0, z=6.0}, radius=4.0}, 
Cone{coneId=8, centerPoint=Point{x=2.0, y=2.0, z=0.5}, apexPoint=Point{x=2.0, y=2.0, z=10.0}, radius=8.0}, 
Cone{coneId=9, centerPoint=Point{x=12.0, y=2.0, z=-3.0}, apexPoint=Point{x=12.0, y=2.0, z=28.0}, radius=4.5}, 
Cone{coneId=3, centerPoint=Point{x=0.0, y=0.0, z=1.0}, apexPoint=Point{x=0.0, y=0.0, z=7.0}, radius=12.3}, 
Cone{coneId=10, centerPoint=Point{x=10.0, y=21.0, z=0.0}, apexPoint=Point{x=10.0, y=21.0, z=12.0}, radius=14.2}, 
Cone{coneId=5, centerPoint=Point{x=-4.0, y=-4.0, z=1.0}, apexPoint=Point{x=-4.0, y=-4.0, z=20.0}, radius=12.0}, 
Cone{coneId=6, centerPoint=Point{x=10.0, y=20.0, z=1.0}, apexPoint=Point{x=10.0, y=20.0, z=25.0}, radius=12.0}, 
Cone{coneId=11, centerPoint=Point{x=15.0, y=2.0, z=-10.0}, apexPoint=Point{x=15.0, y=2.0, z=20.1}, radius=12.0}, 
Cone{coneId=7, centerPoint=Point{x=3.1, y=3.1, z=-15.0}, apexPoint=Point{x=3.1, y=3.1, z=7.0}, radius=20.0}, 
Cone{coneId=2, centerPoint=Point{x=1.0, y=2.0, z=0.0}, apexPoint=Point{x=1.0, y=2.0, z=16.0}, radius=30.5}, 
Cone{coneId=12, centerPoint=Point{x=0.2, y=2.0, z=-1.0}, apexPoint=Point{x=0.2, y=2.0, z=10.0}, radius=40.0}]
2021-10-28 18:56:33 [main] ERROR by.epam.task2.repository.Repository - Index 105 is out of bounds
2021-10-28 18:57:32 [main] INFO  by.epam.task2.main.Main - 12 cones have been created: [
Cone{coneId=1, centerPoint=Point{x=1.0, y=2.0, z=0.0}, apexPoint=Point{x=1.0, y=2.0, z=6.0}, radius=3.5}, 
Cone{coneId=2, centerPoint=Point{x=1.0, y=2.0, z=0.0}, apexPoint=Point{x=1.0, y=2.0, z=16.0}, radius=30.5}, 
Cone{coneId=3, centerPoint=Point{x=0.0, y=0.0, z=1.0}, apexPoint=Point{x=0.0, y=0.0, z=7.0}, radius=12.3}, 
Cone{coneId=4, centerPoint=Point{x=11.0, y=12.0, z=-5.0}, apexPoint=Point{x=11.0, y=12.0, z=6.0}, radius=4.0}, 
Cone{coneId=5, centerPoint=Point{x=-4.0, y=-4.0, z=1.0}, apexPoint=Point{x=-4.0, y=-4.0, z=20.0}, radius=12.0}, 
Cone{coneId=6, centerPoint=Point{x=10.0, y=20.0, z=1.0}, apexPoint=Point{x=10.0, y=20.0, z=25.0}, radius=12.0}, 
Cone{coneId=7, centerPoint=Point{x=3.1, y=3.1, z=-15.0}, apexPoint=Point{x=3.1, y=3.1, z=7.0}, radius=20.0}, 
Cone{coneId=8, centerPoint=Point{x=2.0, y=2.0, z=0.5}, apexPoint=Point{x=2.0, y=2.0, z=10.0}, radius=8.0}, 
Cone{coneId=9, centerPoint=Point{x=12.0, y=2.0, z=-3.0}, apexPoint=Point{x=12.0, y=2.0, z=28.0}, radius=4.5}, 
Cone{coneId=10, centerPoint=Point{x=10.0, y=21.0, z=0.0}, apexPoint=Point{x=10.0, y=21.0, z=12.0}, radius=14.2}, 
Cone{coneId=11, centerPoint=Point{x=15.0, y=2.0, z=-10.0}, apexPoint=Point{x=15.0, y=2.0, z=20.1}, radius=12.0}, 
Cone{coneId=12, centerPoint=Point{x=0.2, y=2.0, z=-1.0}, apexPoint=Point{x=0.2, y=2.0, z=10.0}, radius=40.0}]
2021-10-28 18:57:32 [main] INFO  by.epam.task2.main.Main - The volume of cone1 is 76.96902001294993
2021-10-28 18:57:32 [main] INFO  by.epam.task2.main.Main - The surface area of cone1 is 114.86220996738552
2021-10-28 18:57:32 [main] INFO  by.epam.task2.main.Main - The cone base of cone1 is on the coordinates plane - true
2021-10-28 18:57:32 [main] INFO  by.epam.task2.main.Main - For dissection height 2 the volume ratio for cone1 is 0.07999999999999997
2021-10-28 18:57:32 [main] INFO  by.epam.task2.main.Main - The volume of cone2 is 15586.48835201016
2021-10-28 18:57:32 [main] INFO  by.epam.task2.main.Main - The surface area of cone2 is 6222.648060994566
2021-10-28 18:57:32 [main] INFO  by.epam.task2.main.Main - The cone base of cone2 is on the coordinates plane - true
2021-10-28 18:57:32 [main] INFO  by.epam.task2.main.Main - For dissection height 2 the volume ratio for cone2 is 0.013861386138613862
2021-10-28 18:57:32 [main] INFO  by.epam.task2.main.Main - The volume of cone3 is 950.5831051231996
2021-10-28 18:57:32 [main] INFO  by.epam.task2.main.Main - The surface area of cone3 is 1004.1169189451398
2021-10-28 18:57:32 [main] INFO  by.epam.task2.main.Main - The cone base of cone3 is on the coordinates plane - false
2021-10-28 18:57:32 [main] INFO  by.epam.task2.main.Main - For dissection height 2 the volume ratio for cone3 is 0.07999999999999997
2021-10-28 18:57:32 [main] INFO  by.epam.task2.main.Main - The volume of cone4 is 184.3067690106012
2021-10-28 18:57:32 [main] INFO  by.epam.task2.main.Main - The surface area of cone4 is 197.35107946539623
2021-10-28 18:57:32 [main] INFO  by.epam.task2.main.Main - The cone base of cone4 is on the coordinates plane - false
2021-10-28 18:57:32 [main] INFO  by.epam.task2.main.Main - For dissection height 2 the volume ratio for cone4 is 0.027799227799227798
2021-10-28 18:57:32 [main] INFO  by.epam.task2.main.Main - The volume of cone5 is 2865.132500073891
2021-10-28 18:57:32 [main] INFO  by.epam.task2.main.Main - The surface area of cone5 is 1299.5715138174553
2021-10-28 18:57:32 [main] INFO  by.epam.task2.main.Main - The cone base of cone5 is on the coordinates plane - false
2021-10-28 18:57:32 [main] INFO  by.epam.task2.main.Main - For dissection height 2 the volume ratio for cone5 is 0.010013252834634074
2021-10-28 18:57:32 [main] INFO  by.epam.task2.main.Main - The volume of cone6 is 3619.1147369354417
2021-10-28 18:57:32 [main] INFO  by.epam.task2.main.Main - The surface area of cone6 is 1463.962663386795
2021-10-28 18:57:32 [main] INFO  by.epam.task2.main.Main - The cone base of cone6 is on the coordinates plane - false
2021-10-28 18:57:32 [main] INFO  by.epam.task2.main.Main - For dissection height 2 the volume ratio for cone6 is 0.0064065230052417
2021-10-28 18:57:32 [main] INFO  by.epam.task2.main.Main - The volume of cone7 is 9215.33845053006
2021-10-28 18:57:32 [main] INFO  by.epam.task2.main.Main - The surface area of cone7 is 3124.762356009383
