2021-10-25 02:39:08 [main] INFO  by.epam.task2.warehouse.Warehouse - Cone 10 parameters ConeParameter[surfaceArea=1673.9860012786392, volume=4538.9730659065335] were added to warehouse
2021-10-25 02:39:08 [main] INFO  by.epam.task2.warehouse.Warehouse - Cone 11 parameters ConeParameter[surfaceArea=10239.699181486818, volume=18430.67690106012] were added to warehouse
2021-10-25 02:39:08 [main] INFO  by.epam.task2.main.Main - The average surface area of cones is 2438.123114681533
2021-10-25 02:39:08 [main] INFO  by.epam.task2.main.Main - The average surface area of cones is 5304.087012737303
2021-10-25 02:39:08 [main] INFO  by.epam.task2.repository.Repository - Query AboveAverageAreaSpecification result is : [
Cone{coneId=2, centerPoint=Point{x=1.0, y=2.0, z=0.0}, apexPoint=Point{x=1.0, y=2.0, z=16.0}, radius=30.5}, 
Cone{coneId=6, centerPoint=Point{x=3.1, y=3.1, z=-15.0}, apexPoint=Point{x=3.1, y=3.1, z=7.0}, radius=20.0}, 
Cone{coneId=11, centerPoint=Point{x=0.2, y=2.0, z=-1.0}, apexPoint=Point{x=0.2, y=2.0, z=10.0}, radius=40.0}]
2021-10-25 02:39:08 [main] INFO  by.epam.task2.repository.Repository - Query AboveXYPlaneSpecification result is : [
Cone{coneId=4, centerPoint=Point{x=-4.0, y=-4.0, z=1.0}, apexPoint=Point{x=-4.0, y=-4.0, z=20.0}, radius=12.0}, 
Cone{coneId=5, centerPoint=Point{x=10.0, y=20.0, z=1.0}, apexPoint=Point{x=10.0, y=20.0, z=25.0}, radius=12.0}, 
Cone{coneId=7, centerPoint=Point{x=2.0, y=2.0, z=0.5}, apexPoint=Point{x=2.0, y=2.0, z=10.0}, radius=8.0}]
2021-10-25 02:39:08 [main] INFO  by.epam.task2.repository.Repository - Query FirstQuarterSpecification result is : [
Cone{coneId=3, centerPoint=Point{x=11.0, y=12.0, z=-5.0}, apexPoint=Point{x=11.0, y=12.0, z=6.0}, radius=4.0}]
2021-10-25 02:39:08 [main] INFO  by.epam.task2.repository.Repository - Query HeightSpecification result is : [
Cone{coneId=2, centerPoint=Point{x=1.0, y=2.0, z=0.0}, apexPoint=Point{x=1.0, y=2.0, z=16.0}, radius=30.5}, 
Cone{coneId=3, centerPoint=Point{x=11.0, y=12.0, z=-5.0}, apexPoint=Point{x=11.0, y=12.0, z=6.0}, radius=4.0}, 
Cone{coneId=4, centerPoint=Point{x=-4.0, y=-4.0, z=1.0}, apexPoint=Point{x=-4.0, y=-4.0, z=20.0}, radius=12.0}, 
Cone{coneId=9, centerPoint=Point{x=10.0, y=21.0, z=0.0}, apexPoint=Point{x=10.0, y=21.0, z=12.0}, radius=14.2}, 
Cone{coneId=11, centerPoint=Point{x=0.2, y=2.0, z=-1.0}, apexPoint=Point{x=0.2, y=2.0, z=10.0}, radius=40.0}]
2021-10-25 02:39:08 [main] INFO  by.epam.task2.repository.Repository - Query BelowAverageVolumeSpecification result is : [
Cone{coneId=1, centerPoint=Point{x=1.0, y=2.0, z=0.0}, apexPoint=Point{x=1.0, y=2.0, z=6.0}, radius=3.5}, 
Cone{coneId=3, centerPoint=Point{x=11.0, y=12.0, z=-5.0}, apexPoint=Point{x=11.0, y=12.0, z=6.0}, radius=4.0}, 
Cone{coneId=4, centerPoint=Point{x=-4.0, y=-4.0, z=1.0}, apexPoint=Point{x=-4.0, y=-4.0, z=20.0}, radius=12.0}, 
Cone{coneId=5, centerPoint=Point{x=10.0, y=20.0, z=1.0}, apexPoint=Point{x=10.0, y=20.0, z=25.0}, radius=12.0}, 
Cone{coneId=7, centerPoint=Point{x=2.0, y=2.0, z=0.5}, apexPoint=Point{x=2.0, y=2.0, z=10.0}, radius=8.0}, 
Cone{coneId=8, centerPoint=Point{x=12.0, y=2.0, z=-3.0}, apexPoint=Point{x=12.0, y=2.0, z=28.0}, radius=4.5}, 
Cone{coneId=9, centerPoint=Point{x=10.0, y=21.0, z=0.0}, apexPoint=Point{x=10.0, y=21.0, z=12.0}, radius=14.2}, 
Cone{coneId=10, centerPoint=Point{x=15.0, y=2.0, z=-10.0}, apexPoint=Point{x=15.0, y=2.0, z=20.1}, radius=12.0}]
2021-10-25 02:40:46 [main] INFO  by.epam.task2.main.Main - 11 cones have been created: [
Cone{coneId=1, centerPoint=Point{x=1.0, y=2.0, z=0.0}, apexPoint=Point{x=1.0, y=2.0, z=6.0}, radius=3.5}, 
Cone{coneId=2, centerPoint=Point{x=1.0, y=2.0, z=0.0}, apexPoint=Point{x=1.0, y=2.0, z=16.0}, radius=30.5}, 
Cone{coneId=3, centerPoint=Point{x=11.0, y=12.0, z=-5.0}, apexPoint=Point{x=11.0, y=12.0, z=6.0}, radius=4.0}, 
Cone{coneId=4, centerPoint=Point{x=-4.0, y=-4.0, z=1.0}, apexPoint=Point{x=-4.0, y=-4.0, z=20.0}, radius=12.0}, 
Cone{coneId=5, centerPoint=Point{x=10.0, y=20.0, z=1.0}, apexPoint=Point{x=10.0, y=20.0, z=25.0}, radius=12.0}, 
Cone{coneId=6, centerPoint=Point{x=3.1, y=3.1, z=-15.0}, apexPoint=Point{x=3.1, y=3.1, z=7.0}, radius=20.0}, 
Cone{coneId=7, centerPoint=Point{x=2.0, y=2.0, z=0.5}, apexPoint=Point{x=2.0, y=2.0, z=10.0}, radius=8.0}, 
Cone{coneId=8, centerPoint=Point{x=12.0, y=2.0, z=-3.0}, apexPoint=Point{x=12.0, y=2.0, z=28.0}, radius=4.5}, 
Cone{coneId=9, centerPoint=Point{x=10.0, y=21.0, z=0.0}, apexPoint=Point{x=10.0, y=21.0, z=12.0}, radius=14.2}, 
Cone{coneId=10, centerPoint=Point{x=15.0, y=2.0, z=-10.0}, apexPoint=Point{x=15.0, y=2.0, z=20.1}, radius=12.0}, 
Cone{coneId=11, centerPoint=Point{x=0.2, y=2.0, z=-1.0}, apexPoint=Point{x=0.2, y=2.0, z=10.0}, radius=40.0}]
2021-10-25 02:40:46 [main] INFO  by.epam.task2.main.Main - The volume of cone1 is 76.96902001294993
2021-10-25 02:40:46 [main] INFO  by.epam.task2.main.Main - The surface area of cone1 is 114.86220996738552
2021-10-25 02:40:46 [main] INFO  by.epam.task2.main.Main - The cone base of cone1 is on the coordinates plane - false
2021-10-25 02:40:46 [main] INFO  by.epam.task2.main.Main - For dissection height 2 the volume ratio for cone1 is 0.07999999999999997
2021-10-25 02:40:46 [main] INFO  by.epam.task2.main.Main - The volume of cone2 is 15586.48835201016
2021-10-25 02:40:46 [main] INFO  by.epam.task2.main.Main - The surface area of cone2 is 6222.648060994566
2021-10-25 02:40:46 [main] INFO  by.epam.task2.main.Main - The cone base of cone2 is on the coordinates plane - false
2021-10-25 02:40:46 [main] INFO  by.epam.task2.main.Main - For dissection height 2 the volume ratio for cone2 is 0.013861386138613862
2021-10-25 02:40:46 [main] INFO  by.epam.task2.main.Main - The volume of cone3 is 184.3067690106012
2021-10-25 02:40:46 [main] INFO  by.epam.task2.main.Main - The surface area of cone3 is 197.35107946539623
2021-10-25 02:40:46 [main] INFO  by.epam.task2.main.Main - The cone base of cone3 is on the coordinates plane - false
2021-10-25 02:40:46 [main] INFO  by.epam.task2.main.Main - For dissection height 2 the volume ratio for cone3 is 0.027799227799227798
2021-10-25 02:40:46 [main] INFO  by.epam.task2.main.Main - The volume of cone4 is 2865.132500073891
2021-10-25 02:40:46 [main] INFO  by.epam.task2.main.Main - The surface area of cone4 is 1299.5715138174553
2021-10-25 02:40:46 [main] INFO  by.epam.task2.main.Main - The cone base of cone4 is on the coordinates plane - false
2021-10-25 02:40:46 [main] INFO  by.epam.task2.main.Main - For dissection height 2 the volume ratio for cone4 is 0.010013252834634074
2021-10-25 02:40:46 [main] INFO  by.epam.task2.main.Main - The volume of cone5 is 3619.1147369354417
2021-10-25 02:40:46 [main] INFO  by.epam.task2.main.Main - The surface area of cone5 is 1463.962663386795
2021-10-25 02:40:46 [main] INFO  by.epam.task2.main.Main - The cone base of cone5 is on the coordinates plane - false
2021-10-25 02:40:46 [main] INFO  by.epam.task2.main.Main - For dissection height 2 the volume ratio for cone5 is 0.0064065230052417
2021-10-25 02:40:46 [main] INFO  by.epam.task2.main.Main - The volume of cone6 is 9215.33845053006
2021-10-25 02:40:46 [main] INFO  by.epam.task2.main.Main - The surface area of cone6 is 3124.762356009383
2021-10-25 02:40:46 [main] INFO  by.epam.task2.main.Main - The cone base of cone6 is on the coordinates plane - false
2021-10-25 02:40:46 [main] INFO  by.epam.task2.main.Main - For dissection height 2 the volume ratio for cone6 is 0.00757002271006813
2021-10-25 02:40:46 [main] INFO  by.epam.task2.main.Main - The volume of cone7 is 636.6961111275314
2021-10-25 02:40:46 [main] INFO  by.epam.task2.main.Main - The surface area of cone7 is 513.2041003987907
2021-10-25 02:40:46 [main] INFO  by.epam.task2.main.Main - The cone base of cone7 is on the coordinates plane - false
2021-10-25 02:40:46 [main] INFO  by.epam.task2.main.Main - For dissection height 2 the volume ratio for cone7 is 0.03625925366369541
2021-10-25 02:40:46 [main] INFO  by.epam.task2.main.Main - The volume of cone8 is 657.3782627636642
2021-10-25 02:40:46 [main] INFO  by.epam.task2.main.Main - The surface area of cone8 is 506.4627363663176
2021-10-25 02:40:46 [main] INFO  by.epam.task2.main.Main - The cone base of cone8 is on the coordinates plane - false
2021-10-25 02:40:46 [main] INFO  by.epam.task2.main.Main - For dissection height 2 the volume ratio for cone8 is 0.003909014321819712
2021-10-25 02:40:46 [main] INFO  by.epam.task2.main.Main - The volume of cone9 is 2533.882970679383
2021-10-25 02:40:46 [main] INFO  by.epam.task2.main.Main - The surface area of cone9 is 1462.8443583253118
2021-10-25 02:40:46 [main] INFO  by.epam.task2.main.Main - The cone base of cone9 is on the coordinates plane - false
2021-10-25 02:40:46 [main] INFO  by.epam.task2.main.Main - For dissection height 2 the volume ratio for cone9 is 0.02369668246445497
2021-10-25 02:40:46 [main] INFO  by.epam.task2.main.Main - The volume of cone10 is 4538.9730659065335
2021-10-25 02:40:46 [main] INFO  by.epam.task2.main.Main - The surface area of cone10 is 1673.9860012786392
2021-10-25 02:40:46 [main] INFO  by.epam.task2.main.Main - The cone base of cone10 is on the coordinates plane - false
2021-10-25 02:40:46 [main] INFO  by.epam.task2.main.Main - For dissection height 2 the volume ratio for cone10 is 0.004138667299789482
2021-10-25 02:40:46 [main] INFO  by.epam.task2.main.Main - The volume of cone11 is 18430.67690106012
2021-10-25 02:40:46 [main] INFO  by.epam.task2.main.Main - The surface area of cone11 is 10239.699181486818
2021-10-25 02:40:46 [main] INFO  by.epam.task2.main.Main - The cone base of cone11 is on the coordinates plane - false
2021-10-25 02:40:46 [main] INFO  by.epam.task2.main.Main - For dissection height 2 the volume ratio for cone11 is 0.0277992277992278
2021-10-25 02:40:46 [main] INFO  by.epam.task2.repository.Repository - Cones were added to repository true
2021-10-25 02:40:46 [main] INFO  by.epam.task2.warehouse.Warehouse - Cone 1 parameters ConeParameter[surfaceArea=114.86220996738552, volume=76.96902001294993] were added to warehouse
2021-10-25 02:40:46 [main] INFO  by.epam.task2.warehouse.Warehouse - Cone 2 parameters ConeParameter[surfaceArea=6222.648060994566, volume=15586.48835201016] were added to warehouse
