2021-10-25 00:40:25 [main] INFO  epam.task2.service.impl.ConeCalculationImpl - The volume of Cone{coneId=4, centerPoint=Point{x=-4.0, y=-4.0, z=1.0}, apexPoint=Point{x=-4.0, y=-4.0, z=10.0}, radius=12.0} is 1357.1680263507906
2021-10-25 00:40:25 [main] INFO  epam.task2.service.impl.ConeCalculationImpl - The surface area of Cone{coneId=4, centerPoint=Point{x=-4.0, y=-4.0, z=1.0}, apexPoint=Point{x=-4.0, y=-4.0, z=10.0}, radius=12.0} is 1017.8760197630929
2021-10-25 00:40:25 [main] INFO  epam.task2.service.impl.ConeCalculationImpl - The cone base is on the coordinates plane - false
2021-10-25 00:40:25 [main] INFO  epam.task2.service.impl.ConeCalculationImpl - The volume of Cone{coneId=4, centerPoint=Point{x=-4.0, y=-4.0, z=1.0}, apexPoint=Point{x=-4.0, y=-4.0, z=10.0}, radius=12.0} is 1357.1680263507906
2021-10-25 00:40:25 [main] INFO  epam.task2.service.impl.ConeCalculationImpl - Fo dissection height of 2.0 the volume ratio for Cone{coneId=4, centerPoint=Point{x=-4.0, y=-4.0, z=1.0}, apexPoint=Point{x=-4.0, y=-4.0, z=10.0}, radius=12.0} is 0.039942938659058486
2021-10-25 00:40:25 [main] INFO  epam.task2.service.impl.ConeCalculationImpl - The volume of Cone{coneId=5, centerPoint=Point{x=10.0, y=20.0, z=1.0}, apexPoint=Point{x=10.0, y=20.0, z=15.0}, radius=12.0} is 2111.150263212341
2021-10-25 00:40:25 [main] INFO  epam.task2.service.impl.ConeCalculationImpl - The surface area of Cone{coneId=5, centerPoint=Point{x=10.0, y=20.0, z=1.0}, apexPoint=Point{x=10.0, y=20.0, z=15.0}, radius=12.0} is 1147.52661739235
2021-10-25 00:40:25 [main] INFO  epam.task2.service.impl.ConeCalculationImpl - The cone base is on the coordinates plane - false
2021-10-25 00:40:25 [main] INFO  epam.task2.service.impl.ConeCalculationImpl - The volume of Cone{coneId=5, centerPoint=Point{x=10.0, y=20.0, z=1.0}, apexPoint=Point{x=10.0, y=20.0, z=15.0}, radius=12.0} is 2111.150263212341
2021-10-25 00:40:25 [main] INFO  epam.task2.service.impl.ConeCalculationImpl - Fo dissection height of 2.0 the volume ratio for Cone{coneId=5, centerPoint=Point{x=10.0, y=20.0, z=1.0}, apexPoint=Point{x=10.0, y=20.0, z=15.0}, radius=12.0} is 0.01780415430267062
2021-10-25 00:40:25 [main] INFO  epam.task2.service.impl.ConeCalculationImpl - The volume of Cone{coneId=6, centerPoint=Point{x=3.1, y=3.1, z=0.0}, apexPoint=Point{x=3.1, y=3.1, z=-7.0}, radius=4.0} is 117.28612573401894
2021-10-25 00:40:25 [main] INFO  epam.task2.service.impl.ConeCalculationImpl - The surface area of Cone{coneId=6, centerPoint=Point{x=3.1, y=3.1, z=0.0}, apexPoint=Point{x=3.1, y=3.1, z=-7.0}, radius=4.0} is 151.57880131104514
2021-10-25 00:40:25 [main] INFO  epam.task2.service.impl.ConeCalculationImpl - The cone base is on the coordinates plane - false
2021-10-25 00:40:25 [main] ERROR epam.task2.service.impl.ConeCalculationImpl - The dissection height 2.0 is beyond cone height 
2021-10-25 00:53:17 [main] INFO  epam.task2.service.impl.ConeCalculationImpl - The volume of 1 is 76.96902001294993
2021-10-25 00:53:17 [main] INFO  epam.task2.service.impl.ConeCalculationImpl - The surface area of 1 is 114.86220996738552
2021-10-25 00:53:17 [main] INFO  epam.task2.service.impl.ConeCalculationImpl - The cone base of1 is on the coordinates plane - false
2021-10-25 00:53:17 [main] INFO  epam.task2.service.impl.ConeCalculationImpl - The volume of 1 is 76.96902001294993
2021-10-25 00:53:17 [main] INFO  epam.task2.service.impl.ConeCalculationImpl - For dissection height of 2.0 the volume ratio for 1 is 0.07999999999999997
2021-10-25 00:53:17 [main] INFO  epam.task2.service.impl.ConeCalculationImpl - The volume of 2 is 76.96902001294993
2021-10-25 00:53:17 [main] INFO  epam.task2.service.impl.ConeCalculationImpl - The surface area of 2 is 114.86220996738552
2021-10-25 00:53:17 [main] INFO  epam.task2.service.impl.ConeCalculationImpl - The cone base of2 is on the coordinates plane - false
2021-10-25 00:53:17 [main] INFO  epam.task2.service.impl.ConeCalculationImpl - The volume of 2 is 76.96902001294993
2021-10-25 00:53:17 [main] INFO  epam.task2.service.impl.ConeCalculationImpl - For dissection height of 2.0 the volume ratio for 2 is 0.07999999999999997
2021-10-25 00:53:17 [main] INFO  epam.task2.service.impl.ConeCalculationImpl - The volume of 3 is 184.3067690106012
2021-10-25 00:53:17 [main] INFO  epam.task2.service.impl.ConeCalculationImpl - The surface area of 3 is 197.35107946539623
2021-10-25 00:53:17 [main] INFO  epam.task2.service.impl.ConeCalculationImpl - The cone base of3 is on the coordinates plane - false
2021-10-25 00:53:17 [main] INFO  epam.task2.service.impl.ConeCalculationImpl - The volume of 3 is 184.3067690106012
2021-10-25 00:53:17 [main] INFO  epam.task2.service.impl.ConeCalculationImpl - For dissection height of 2.0 the volume ratio for 3 is 0.027799227799227798
2021-10-25 00:53:17 [main] INFO  epam.task2.service.impl.ConeCalculationImpl - The volume of 4 is 1357.1680263507906
2021-10-25 00:53:17 [main] INFO  epam.task2.service.impl.ConeCalculationImpl - The surface area of 4 is 1017.8760197630929
2021-10-25 00:53:17 [main] INFO  epam.task2.service.impl.ConeCalculationImpl - The cone base of4 is on the coordinates plane - false
2021-10-25 00:53:17 [main] INFO  epam.task2.service.impl.ConeCalculationImpl - The volume of 4 is 1357.1680263507906
2021-10-25 00:53:17 [main] INFO  epam.task2.service.impl.ConeCalculationImpl - For dissection height of 2.0 the volume ratio for 4 is 0.039942938659058486
2021-10-25 00:53:17 [main] INFO  epam.task2.service.impl.ConeCalculationImpl - The volume of 5 is 2111.150263212341
2021-10-25 00:53:17 [main] INFO  epam.task2.service.impl.ConeCalculationImpl - The surface area of 5 is 1147.52661739235
2021-10-25 00:53:17 [main] INFO  epam.task2.service.impl.ConeCalculationImpl - The cone base of5 is on the coordinates plane - false
2021-10-25 00:53:17 [main] INFO  epam.task2.service.impl.ConeCalculationImpl - The volume of 5 is 2111.150263212341
2021-10-25 00:53:17 [main] INFO  epam.task2.service.impl.ConeCalculationImpl - For dissection height of 2.0 the volume ratio for 5 is 0.01780415430267062
2021-10-25 00:53:17 [main] INFO  epam.task2.service.impl.ConeCalculationImpl - The volume of 6 is 117.28612573401894
2021-10-25 00:53:17 [main] INFO  epam.task2.service.impl.ConeCalculationImpl - The surface area of 6 is 151.57880131104514
2021-10-25 00:53:17 [main] INFO  epam.task2.service.impl.ConeCalculationImpl - The cone base of6 is on the coordinates plane - false
2021-10-25 00:53:17 [main] ERROR epam.task2.service.impl.ConeCalculationImpl - The dissection height 2.0 is beyond cone height for cone 6, the ratio can't be calculated fot this height
2021-10-25 00:54:28 [main] INFO  epam.task2.service.impl.ConeCalculationImpl - The volume of cone1 is 76.96902001294993
2021-10-25 00:54:28 [main] INFO  epam.task2.service.impl.ConeCalculationImpl - The surface area of cone1 is 114.86220996738552
2021-10-25 00:54:28 [main] INFO  epam.task2.service.impl.ConeCalculationImpl - The cone base of cone1 is on the coordinates plane - false
2021-10-25 00:54:28 [main] INFO  epam.task2.service.impl.ConeCalculationImpl - The volume of cone1 is 76.96902001294993
2021-10-25 00:54:28 [main] INFO  epam.task2.service.impl.ConeCalculationImpl - For dissection height of 2.0 the volume ratio for 1 is 0.07999999999999997
2021-10-25 00:54:28 [main] INFO  epam.task2.service.impl.ConeCalculationImpl - The volume of cone2 is 76.96902001294993
2021-10-25 00:54:28 [main] INFO  epam.task2.service.impl.ConeCalculationImpl - The surface area of cone2 is 114.86220996738552
2021-10-25 00:54:28 [main] INFO  epam.task2.service.impl.ConeCalculationImpl - The cone base of cone2 is on the coordinates plane - false
2021-10-25 00:54:28 [main] INFO  epam.task2.service.impl.ConeCalculationImpl - The volume of cone2 is 76.96902001294993
2021-10-25 00:54:28 [main] INFO  epam.task2.service.impl.ConeCalculationImpl - For dissection height of 2.0 the volume ratio for 2 is 0.07999999999999997
2021-10-25 00:54:28 [main] INFO  epam.task2.service.impl.ConeCalculationImpl - The volume of cone3 is 184.3067690106012
2021-10-25 00:54:28 [main] INFO  epam.task2.service.impl.ConeCalculationImpl - The surface area of cone3 is 197.35107946539623
2021-10-25 00:54:28 [main] INFO  epam.task2.service.impl.ConeCalculationImpl - The cone base of cone3 is on the coordinates plane - false
2021-10-25 00:54:28 [main] INFO  epam.task2.service.impl.ConeCalculationImpl - The volume of cone3 is 184.3067690106012
2021-10-25 00:54:28 [main] INFO  epam.task2.service.impl.ConeCalculationImpl - For dissection height of 2.0 the volume ratio for 3 is 0.027799227799227798
2021-10-25 00:54:28 [main] INFO  epam.task2.service.impl.ConeCalculationImpl - The volume of cone4 is 1357.1680263507906
2021-10-25 00:54:28 [main] INFO  epam.task2.service.impl.ConeCalculationImpl - The surface area of cone4 is 1017.8760197630929
2021-10-25 00:54:28 [main] INFO  epam.task2.service.impl.ConeCalculationImpl - The cone base of cone4 is on the coordinates plane - false
2021-10-25 00:54:28 [main] INFO  epam.task2.service.impl.ConeCalculationImpl - The volume of cone4 is 1357.1680263507906
2021-10-25 00:54:28 [main] INFO  epam.task2.service.impl.ConeCalculationImpl - For dissection height of 2.0 the volume ratio for 4 is 0.039942938659058486
2021-10-25 00:54:28 [main] INFO  epam.task2.service.impl.ConeCalculationImpl - The volume of cone5 is 2111.150263212341
2021-10-25 00:54:28 [main] INFO  epam.task2.service.impl.ConeCalculationImpl - The surface area of cone5 is 1147.52661739235
2021-10-25 00:54:28 [main] INFO  epam.task2.service.impl.ConeCalculationImpl - The cone base of cone5 is on the coordinates plane - false
2021-10-25 00:54:28 [main] INFO  epam.task2.service.impl.ConeCalculationImpl - The volume of cone5 is 2111.150263212341
2021-10-25 00:54:28 [main] INFO  epam.task2.service.impl.ConeCalculationImpl - For dissection height of 2.0 the volume ratio for 5 is 0.01780415430267062
2021-10-25 00:54:28 [main] INFO  epam.task2.service.impl.ConeCalculationImpl - The volume of cone6 is 117.28612573401894
2021-10-25 00:54:28 [main] INFO  epam.task2.service.impl.ConeCalculationImpl - The surface area of cone6 is 151.57880131104514
2021-10-25 00:54:28 [main] INFO  epam.task2.service.impl.ConeCalculationImpl - The cone base of cone6 is on the coordinates plane - false
