2021-10-30 00:12:55 [main] INFO  by.epam.task2.main.Main - The volume of cone2 is 15586.48835201016
2021-10-30 00:12:55 [main] INFO  by.epam.task2.main.Main - The surface area of cone2 is 6222.648060994566
2021-10-30 00:12:55 [main] INFO  by.epam.task2.main.Main - The cone base of cone2 is on the coordinates plane - true
2021-10-30 00:12:55 [main] INFO  by.epam.task2.main.Main - For dissection height 2 the volume ratio for cone2 is 0.013861386138613862
2021-10-30 00:12:55 [main] INFO  by.epam.task2.main.Main - The volume of cone3 is 950.5831051231996
2021-10-30 00:12:55 [main] INFO  by.epam.task2.main.Main - The surface area of cone3 is 1004.1169189451398
2021-10-30 00:12:55 [main] INFO  by.epam.task2.main.Main - The cone base of cone3 is on the coordinates plane - false
2021-10-30 00:12:55 [main] INFO  by.epam.task2.main.Main - For dissection height 2 the volume ratio for cone3 is 0.07999999999999997
2021-10-30 00:12:55 [main] INFO  by.epam.task2.main.Main - The volume of cone4 is 184.3067690106012
2021-10-30 00:12:55 [main] INFO  by.epam.task2.main.Main - The surface area of cone4 is 197.35107946539623
2021-10-30 00:12:55 [main] INFO  by.epam.task2.main.Main - The cone base of cone4 is on the coordinates plane - false
2021-10-30 00:12:55 [main] INFO  by.epam.task2.main.Main - For dissection height 2 the volume ratio for cone4 is 0.027799227799227798
2021-10-30 00:12:55 [main] INFO  by.epam.task2.main.Main - The volume of cone5 is 2865.132500073891
2021-10-30 00:12:55 [main] INFO  by.epam.task2.main.Main - The surface area of cone5 is 1299.5715138174553
2021-10-30 00:12:55 [main] INFO  by.epam.task2.main.Main - The cone base of cone5 is on the coordinates plane - false
2021-10-30 00:12:55 [main] INFO  by.epam.task2.main.Main - For dissection height 2 the volume ratio for cone5 is 0.010013252834634074
2021-10-30 00:12:55 [main] INFO  by.epam.task2.main.Main - The volume of cone6 is 3619.1147369354417
2021-10-30 00:12:55 [main] INFO  by.epam.task2.main.Main - The surface area of cone6 is 1463.962663386795
2021-10-30 00:12:55 [main] INFO  by.epam.task2.main.Main - The cone base of cone6 is on the coordinates plane - false
2021-10-30 00:12:55 [main] INFO  by.epam.task2.main.Main - For dissection height 2 the volume ratio for cone6 is 0.0064065230052417
2021-10-30 00:12:55 [main] INFO  by.epam.task2.main.Main - The volume of cone7 is 9215.33845053006
2021-10-30 00:12:55 [main] INFO  by.epam.task2.main.Main - The surface area of cone7 is 3124.762356009383
2021-10-30 00:12:55 [main] INFO  by.epam.task2.main.Main - The cone base of cone7 is on the coordinates plane - false
2021-10-30 00:12:55 [main] INFO  by.epam.task2.main.Main - For dissection height 2 the volume ratio for cone7 is 0.00757002271006813
2021-10-30 00:12:55 [main] INFO  by.epam.task2.main.Main - The volume of cone8 is 636.6961111275314
2021-10-30 00:12:55 [main] INFO  by.epam.task2.main.Main - The surface area of cone8 is 513.2041003987907
2021-10-30 00:12:55 [main] INFO  by.epam.task2.main.Main - The cone base of cone8 is on the coordinates plane - false
2021-10-30 00:12:55 [main] INFO  by.epam.task2.main.Main - For dissection height 2 the volume ratio for cone8 is 0.03625925366369541
2021-10-30 00:12:55 [main] INFO  by.epam.task2.main.Main - The volume of cone9 is 657.3782627636642
2021-10-30 00:12:55 [main] INFO  by.epam.task2.main.Main - The surface area of cone9 is 506.4627363663176
2021-10-30 00:12:55 [main] INFO  by.epam.task2.main.Main - The cone base of cone9 is on the coordinates plane - false
2021-10-30 00:12:55 [main] INFO  by.epam.task2.main.Main - For dissection height 2 the volume ratio for cone9 is 0.003909014321819712
2021-10-30 00:12:55 [main] INFO  by.epam.task2.main.Main - The volume of cone10 is 2533.882970679383
2021-10-30 00:12:55 [main] INFO  by.epam.task2.main.Main - The surface area of cone10 is 1462.8443583253118
2021-10-30 00:12:55 [main] INFO  by.epam.task2.main.Main - The cone base of cone10 is on the coordinates plane - true
2021-10-30 00:12:55 [main] INFO  by.epam.task2.main.Main - For dissection height 2 the volume ratio for cone10 is 0.02369668246445497
2021-10-30 00:12:55 [main] INFO  by.epam.task2.main.Main - The volume of cone11 is 4538.9730659065335
2021-10-30 00:12:55 [main] INFO  by.epam.task2.main.Main - The surface area of cone11 is 1673.9860012786392
2021-10-30 00:12:55 [main] INFO  by.epam.task2.main.Main - The cone base of cone11 is on the coordinates plane - false
2021-10-30 00:12:55 [main] INFO  by.epam.task2.main.Main - For dissection height 2 the volume ratio for cone11 is 0.004138667299789482
2021-10-30 00:12:55 [main] INFO  by.epam.task2.main.Main - The volume of cone12 is 18430.67690106012
2021-10-30 00:12:55 [main] INFO  by.epam.task2.main.Main - The surface area of cone12 is 10239.699181486818
2021-10-30 00:12:55 [main] INFO  by.epam.task2.main.Main - The cone base of cone12 is on the coordinates plane - false
2021-10-30 00:12:55 [main] INFO  by.epam.task2.main.Main - For dissection height 2 the volume ratio for cone12 is 0.0277992277992278
2021-10-30 00:12:55 [main] INFO  by.epam.task2.repository.Repository - Cones were added to repository true
2021-10-30 00:12:55 [main] INFO  by.epam.task2.warehouse.Warehouse - Cone 1 parameters ConeParameter[surfaceArea=114.86220996738552, volume=76.96902001294993] were added to warehouse
2021-10-30 00:12:55 [main] INFO  by.epam.task2.warehouse.Warehouse - Cone 2 parameters ConeParameter[surfaceArea=6222.648060994566, volume=15586.48835201016] were added to warehouse
2021-10-30 00:12:55 [main] INFO  by.epam.task2.warehouse.Warehouse - Cone 3 parameters ConeParameter[surfaceArea=1004.1169189451398, volume=950.5831051231996] were added to warehouse
2021-10-30 00:12:55 [main] INFO  by.epam.task2.warehouse.Warehouse - Cone 4 parameters ConeParameter[surfaceArea=197.35107946539623, volume=184.3067690106012] were added to warehouse
2021-10-30 00:12:55 [main] INFO  by.epam.task2.warehouse.Warehouse - Cone 5 parameters ConeParameter[surfaceArea=1299.5715138174553, volume=2865.132500073891] were added to warehouse
2021-10-30 00:12:55 [main] INFO  by.epam.task2.warehouse.Warehouse - Cone 6 parameters ConeParameter[surfaceArea=1463.962663386795, volume=3619.1147369354417] were added to warehouse
2021-10-30 00:12:55 [main] INFO  by.epam.task2.warehouse.Warehouse - Cone 7 parameters ConeParameter[surfaceArea=3124.762356009383, volume=9215.33845053006] were added to warehouse
2021-10-30 00:12:55 [main] INFO  by.epam.task2.warehouse.Warehouse - Cone 8 parameters ConeParameter[surfaceArea=513.2041003987907, volume=636.6961111275314] were added to warehouse
2021-10-30 00:12:55 [main] INFO  by.epam.task2.warehouse.Warehouse - Cone 9 parameters ConeParameter[surfaceArea=506.4627363663176, volume=657.3782627636642] were added to warehouse
2021-10-30 00:12:55 [main] INFO  by.epam.task2.warehouse.Warehouse - Cone 10 parameters ConeParameter[surfaceArea=1462.8443583253118, volume=2533.882970679383] were added to warehouse
2021-10-30 00:12:55 [main] INFO  by.epam.task2.warehouse.Warehouse - Cone 11 parameters ConeParameter[surfaceArea=1673.9860012786392, volume=4538.9730659065335] were added to warehouse
2021-10-30 00:12:55 [main] INFO  by.epam.task2.warehouse.Warehouse - Cone 12 parameters ConeParameter[surfaceArea=10239.699181486818, volume=18430.67690106012] were added to warehouse
2021-10-30 00:12:55 [main] INFO  by.epam.task2.main.Main - The average surface area of cones is OptionalDouble[2318.6225983701665]
2021-10-30 00:12:55 [main] INFO  by.epam.task2.main.Main - The average surface area of cones is OptionalDouble[4941.295020436127]
2021-10-30 00:12:55 [main] INFO  by.epam.task2.repository.Repository - 
Query AboveAverageAreaSpecification result is : [
Cone{coneId=2, centerPoint=Point{x=1.0, y=2.0, z=0.0}, apexPoint=Point{x=1.0, y=2.0, z=16.0}, radius=30.5}, 
Cone{coneId=7, centerPoint=Point{x=3.1, y=3.1, z=-15.0}, apexPoint=Point{x=3.1, y=3.1, z=7.0}, radius=20.0}, 
Cone{coneId=12, centerPoint=Point{x=0.2, y=2.0, z=-1.0}, apexPoint=Point{x=0.2, y=2.0, z=10.0}, radius=40.0}]
2021-10-30 00:12:55 [main] INFO  by.epam.task2.repository.Repository - 
Query AboveXYPlaneSpecification result is : [
Cone{coneId=3, centerPoint=Point{x=0.0, y=0.0, z=1.0}, apexPoint=Point{x=0.0, y=0.0, z=7.0}, radius=12.3}, 
Cone{coneId=5, centerPoint=Point{x=-4.0, y=-4.0, z=1.0}, apexPoint=Point{x=-4.0, y=-4.0, z=20.0}, radius=12.0}, 
Cone{coneId=6, centerPoint=Point{x=10.0, y=20.0, z=1.0}, apexPoint=Point{x=10.0, y=20.0, z=25.0}, radius=12.0}, 
Cone{coneId=8, centerPoint=Point{x=2.0, y=2.0, z=0.5}, apexPoint=Point{x=2.0, y=2.0, z=10.0}, radius=8.0}]
2021-10-30 00:12:55 [main] INFO  by.epam.task2.repository.Repository - 
Query FirstQuarterSpecification result is : [
Cone{coneId=4, centerPoint=Point{x=11.0, y=12.0, z=-5.0}, apexPoint=Point{x=11.0, y=12.0, z=6.0}, radius=4.0}]
2021-10-30 00:12:55 [main] INFO  by.epam.task2.repository.Repository - 
Query HeightSpecification result is : [
Cone{coneId=2, centerPoint=Point{x=1.0, y=2.0, z=0.0}, apexPoint=Point{x=1.0, y=2.0, z=16.0}, radius=30.5}, 
Cone{coneId=4, centerPoint=Point{x=11.0, y=12.0, z=-5.0}, apexPoint=Point{x=11.0, y=12.0, z=6.0}, radius=4.0}, 
Cone{coneId=5, centerPoint=Point{x=-4.0, y=-4.0, z=1.0}, apexPoint=Point{x=-4.0, y=-4.0, z=20.0}, radius=12.0}, 
Cone{coneId=10, centerPoint=Point{x=10.0, y=21.0, z=0.0}, apexPoint=Point{x=10.0, y=21.0, z=12.0}, radius=14.2}, 
Cone{coneId=12, centerPoint=Point{x=0.2, y=2.0, z=-1.0}, apexPoint=Point{x=0.2, y=2.0, z=10.0}, radius=40.0}]
2021-10-30 00:12:55 [main] INFO  by.epam.task2.repository.Repository - 
Query BelowAverageVolumeSpecification result is : [
Cone{coneId=1, centerPoint=Point{x=1.0, y=2.0, z=0.0}, apexPoint=Point{x=1.0, y=2.0, z=6.0}, radius=3.5}, 
Cone{coneId=3, centerPoint=Point{x=0.0, y=0.0, z=1.0}, apexPoint=Point{x=0.0, y=0.0, z=7.0}, radius=12.3}, 
Cone{coneId=4, centerPoint=Point{x=11.0, y=12.0, z=-5.0}, apexPoint=Point{x=11.0, y=12.0, z=6.0}, radius=4.0}, 
Cone{coneId=5, centerPoint=Point{x=-4.0, y=-4.0, z=1.0}, apexPoint=Point{x=-4.0, y=-4.0, z=20.0}, radius=12.0}, 
Cone{coneId=6, centerPoint=Point{x=10.0, y=20.0, z=1.0}, apexPoint=Point{x=10.0, y=20.0, z=25.0}, radius=12.0}, 
Cone{coneId=8, centerPoint=Point{x=2.0, y=2.0, z=0.5}, apexPoint=Point{x=2.0, y=2.0, z=10.0}, radius=8.0}, 
Cone{coneId=9, centerPoint=Point{x=12.0, y=2.0, z=-3.0}, apexPoint=Point{x=12.0, y=2.0, z=28.0}, radius=4.5}, 
Cone{coneId=10, centerPoint=Point{x=10.0, y=21.0, z=0.0}, apexPoint=Point{x=10.0, y=21.0, z=12.0}, radius=14.2}, 
Cone{coneId=11, centerPoint=Point{x=15.0, y=2.0, z=-10.0}, apexPoint=Point{x=15.0, y=2.0, z=20.1}, radius=12.0}]
